#
# A fatal error has been detected by the Java Runtime Environment:
#
#  EXCEPTION_ACCESS_VIOLATION (0xc0000005) at pc=0x0000000055b8ba47, pid=4080, tid=0x0000000000001220
#
# JRE version: OpenJDK Runtime Environment (8.0_202-b03) (build 1.8.0_202-release-1483-b03)
# Java VM: OpenJDK 64-Bit Server VM (25.202-b03 mixed mode windows-amd64 compressed oops)
# Problematic frame:
# V  [jvm.dll+0x4dba47]
#
# Failed to write core dump. Minidumps are not enabled by default on client versions of Windows
#
# If you would like to submit a bug report, please visit:
#   http://bugreport.java.com/bugreport/crash.jsp
#

---------------  T H R E A D  ---------------

Current thread (0x0000000015eec800):  JavaThread "C2 CompilerThread1" daemon [_thread_in_native, id=4640, stack(0x0000000017620000,0x0000000017720000)]

siginfo: ExceptionCode=0xc0000005, reading address 0x0000000000080018

Registers:
RAX=0x000000000000002f, RBX=0x000000001771ecc8, RCX=0x00000000200628c8, RDX=0x0000000000000000
RSP=0x000000001771d740, RBP=0x000000000000060f, RSI=0x0000000000000001, RDI=0x0000000000080000
R8 =0x0000000000000000, R9 =0x00000000200628c8, R10=0x0000000015f127e0, R11=0x00000000200628b8
R12=0x0000000000000000, R13=0x00000000200628c8, R14=0x000000000000060f, R15=0x000000000000002f
RIP=0x0000000055b8ba47, EFLAGS=0x0000000000010287

Top of Stack: (sp=0x000000001771d740)
0x000000001771d740:   000000001f8b8380 0000000055b73f35
0x000000001771d750:   0000000020018568 0000000055ae2475
0x000000001771d760:   000000000248a690 0000000000000018
0x000000001771d770:   0000000020062690 0000000055cdea28
0x000000001771d780:   00000000200628c8 0000000055b8d89d
0x000000001771d790:   0000000020062880 0000000015f127e0
0x000000001771d7a0:   000000001771e340 0000000000000008
0x000000001771d7b0:   000000001771d8a0 0000000055b1631d
0x000000001771d7c0:   0000000020062880 0000000020062690
0x000000001771d7d0:   00000000200628c8 0000000000000000
0x000000001771d7e0:   00000000200627c0 0000000055b8d89d
0x000000001771d7f0:   0000000000000008 00000000fffffffc
0x000000001771d800:   0000000000000000 00000000200627c0
0x000000001771d810:   00000000200627c0 0000000055b17fb5
0x000000001771d820:   000000001771d8a0 00000000200624a0
0x000000001771d830:   0000000055cda088 00000000200624a0 

Instructions: (pc=0x0000000055b8ba47)
0x0000000055b8ba27:   89 64 24 30 45 33 e4 48 3b 7b 20 49 8b cd 44 0f
0x0000000055b8ba37:   44 e5 4c 89 7c 24 20 ff 10 41 8b 75 18 44 8b f8
0x0000000055b8ba47:   39 77 18 75 48 48 8b 17 48 8b cf ff 12 41 3b c7
0x0000000055b8ba57:   75 3b 33 d2 85 f6 74 24 49 8b 4d 08 4c 8b 47 08 


Register to memory mapping:

RAX=0x000000000000002f is an unknown value
RBX=0x000000001771ecc8 is pointing into the stack for thread: 0x0000000015eec800
RCX=0x00000000200628c8 is an unknown value
RDX=0x0000000000000000 is an unknown value
RSP=0x000000001771d740 is pointing into the stack for thread: 0x0000000015eec800
RBP=0x000000000000060f is an unknown value
RSI=0x0000000000000001 is an unknown value
RDI=0x0000000000080000 is an unknown value
R8 =0x0000000000000000 is an unknown value
R9 =0x00000000200628c8 is an unknown value
R10=0x0000000015f127e0 is an unknown value
R11=0x00000000200628b8 is an unknown value
R12=0x0000000000000000 is an unknown value
R13=0x00000000200628c8 is an unknown value
R14=0x000000000000060f is an unknown value
R15=0x000000000000002f is an unknown value


Stack: [0x0000000017620000,0x0000000017720000],  sp=0x000000001771d740,  free space=1013k
Native frames: (J=compiled Java code, j=interpreted, Vv=VM code, C=native code)
V  [jvm.dll+0x4dba47]
V  [jvm.dll+0x4dd89d]
V  [jvm.dll+0x46631d]
V  [jvm.dll+0x467fb5]
V  [jvm.dll+0x4285bd]
V  [jvm.dll+0x44d366]
V  [jvm.dll+0x4d793d]
V  [jvm.dll+0x4d0427]
V  [jvm.dll+0x4d07a9]
V  [jvm.dll+0x4d0d3f]
V  [jvm.dll+0x428310]
V  [jvm.dll+0x44d366]
V  [jvm.dll+0x4d793d]
V  [jvm.dll+0x4d0427]
V  [jvm.dll+0x4d07a9]
V  [jvm.dll+0x4d0d3f]
V  [jvm.dll+0x428310]
V  [jvm.dll+0x443fee]
V  [jvm.dll+0x4273d2]
V  [jvm.dll+0x8215f]
V  [jvm.dll+0x82abf]
V  [jvm.dll+0x21db7f]
V  [jvm.dll+0x26f5ba]
C  [msvcr100.dll+0x21d9f]
C  [msvcr100.dll+0x21e3b]
C  [KERNEL32.DLL+0x12d92]
C  [ntdll.dll+0x9f64]


Current CompileTask:
C2:5622558 14165       4       org.objectweb.asm.signature.SignatureReader::parseType (415 bytes)


---------------  P R O C E S S  ---------------

Java Threads: ( => current thread )
  0x000000001a097800 JavaThread "Execution worker for ':' Thread 3" [_thread_blocked, id=6792, stack(0x00000000246d0000,0x00000000247d0000)]
  0x000000001a095000 JavaThread "Execution worker for ':' Thread 2" [_thread_blocked, id=5576, stack(0x00000000241d0000,0x00000000242d0000)]
  0x000000001a092000 JavaThread "Execution worker for ':'" [_thread_blocked, id=1404, stack(0x00000000240d0000,0x00000000241d0000)]
  0x000000001a099000 JavaThread "Cache worker for file content cache (D:\AndroidProjects\KotlinBeginnerCodes\.gradle\5.4.1\fileContent)" [_thread_blocked, id=7004, stack(0x0000000023fd0000,0x00000000240d0000)]
  0x000000001a098000 JavaThread "Cache worker for file content cache (C:\Users\Billionaire\.gradle\caches\5.4.1\fileContent)" [_thread_blocked, id=4064, stack(0x0000000023690000,0x0000000023790000)]
  0x000000001d33f800 JavaThread "Cache worker for Build Output Cleanup Cache (D:\AndroidProjects\KotlinBeginnerCodes\.gradle\buildOutputCleanup)" [_thread_blocked, id=4760, stack(0x0000000023390000,0x0000000023490000)]
  0x000000001d33e800 JavaThread "pool-9-thread-1" [_thread_blocked, id=4584, stack(0x0000000023290000,0x0000000023390000)]
  0x000000001d33e000 JavaThread "Build operations Thread 4" [_thread_blocked, id=3836, stack(0x0000000023190000,0x0000000023290000)]
  0x000000001d33b800 JavaThread "Build operations Thread 3" [_thread_blocked, id=6184, stack(0x0000000021f90000,0x0000000022090000)]
  0x000000001d340000 JavaThread "Build operations Thread 2" [_thread_blocked, id=7076, stack(0x0000000021c90000,0x0000000021d90000)]
  0x000000001d341000 JavaThread "Build operations" [_thread_blocked, id=6948, stack(0x000000001f8c0000,0x000000001f9c0000)]
  0x000000001d33d000 JavaThread "Cache worker for cache directory md-rule (C:\Users\Billionaire\.gradle\caches\5.4.1\md-rule)" [_thread_blocked, id=3724, stack(0x000000001e700000,0x000000001e800000)]
  0x000000001d33c800 JavaThread "Cache worker for cache directory md-supplier (C:\Users\Billionaire\.gradle\caches\5.4.1\md-supplier)" [_thread_blocked, id=6352, stack(0x000000001e380000,0x000000001e480000)]
  0x000000001d334000 JavaThread "Cache worker for file hash cache (D:\AndroidProjects\KotlinBeginnerCodes\.gradle\5.4.1\fileHashes)" [_thread_blocked, id=3548, stack(0x000000001b6e0000,0x000000001b7e0000)]
  0x000000001d337000 JavaThread "Thread-105" [_thread_blocked, id=6760, stack(0x000000001b3e0000,0x000000001b4e0000)]
  0x000000001d33b000 JavaThread "Stdin handler" [_thread_blocked, id=4832, stack(0x000000001b2e0000,0x000000001b3e0000)]
  0x000000001d333000 JavaThread "Asynchronous log dispatcher for DefaultDaemonConnection: socket connection from /127.0.0.1:49523 to /127.0.0.1:50161" [_thread_blocked, id=3832, stack(0x000000001afe0000,0x000000001b0e0000)]
  0x000000001d33a000 JavaThread "Daemon worker Thread 4" [_thread_blocked, id=3056, stack(0x000000001aee0000,0x000000001afe0000)]
  0x000000001d338800 JavaThread "Cancel handler" [_thread_blocked, id=4264, stack(0x0000000000a30000,0x0000000000b30000)]
  0x000000001d336800 JavaThread "Handler for socket connection from /127.0.0.1:49523 to /127.0.0.1:50161" [_thread_in_native, id=4056, stack(0x0000000000930000,0x0000000000a30000)]
  0x000000001d335000 JavaThread "Daemon Thread 4" [_thread_blocked, id=6764, stack(0x0000000000830000,0x0000000000930000)]
  0x000000001a09f800 JavaThread "Memory manager" [_thread_blocked, id=2316, stack(0x0000000022c90000,0x0000000022d90000)]
  0x000000001a093000 JavaThread "Cache worker for execution history cache (C:\Users\Billionaire\.gradle\caches\5.4.1\executionHistory)" [_thread_blocked, id=3888, stack(0x0000000020f90000,0x0000000021090000)]
  0x000000001984d800 JavaThread "Cache worker for journal cache (C:\Users\Billionaire\.gradle\caches\journal-1)" [_thread_blocked, id=2632, stack(0x000000001b9e0000,0x000000001bae0000)]
  0x000000001984a800 JavaThread "File lock request listener" [_thread_in_native, id=872, stack(0x000000001b8e0000,0x000000001b9e0000)]
  0x000000001984b000 JavaThread "Cache worker for file hash cache (C:\Users\Billionaire\.gradle\caches\5.4.1\fileHashes)" [_thread_blocked, id=424, stack(0x000000001b7e0000,0x000000001b8e0000)]
  0x0000000018998800 JavaThread "Daemon periodic checks" [_thread_blocked, id=4128, stack(0x000000001ade0000,0x000000001aee0000)]
  0x000000001899d000 JavaThread "Incoming local TCP Connector on port 49523" [_thread_in_native, id=3448, stack(0x000000001ac00000,0x000000001ad00000)]
  0x0000000018f79800 JavaThread "Daemon health stats" [_thread_blocked, id=2448, stack(0x000000001a5c0000,0x000000001a6c0000)]
  0x0000000017847000 JavaThread "Service Thread" daemon [_thread_blocked, id=4712, stack(0x0000000017c20000,0x0000000017d20000)]
  0x0000000015ef4800 JavaThread "C1 CompilerThread2" daemon [_thread_blocked, id=4408, stack(0x0000000017720000,0x0000000017820000)]
=>0x0000000015eec800 JavaThread "C2 CompilerThread1" daemon [_thread_in_native, id=4640, stack(0x0000000017620000,0x0000000017720000)]
  0x0000000015ef8800 JavaThread "C2 CompilerThread0" daemon [_thread_in_native, id=4920, stack(0x0000000017520000,0x0000000017620000)]
  0x0000000015ef7800 JavaThread "Attach Listener" daemon [_thread_blocked, id=4852, stack(0x0000000017420000,0x0000000017520000)]
  0x0000000015ef6800 JavaThread "Signal Dispatcher" daemon [_thread_blocked, id=916, stack(0x0000000017320000,0x0000000017420000)]
  0x000000000257d000 JavaThread "Finalizer" daemon [_thread_blocked, id=2740, stack(0x0000000017140000,0x0000000017240000)]
  0x0000000002573000 JavaThread "Reference Handler" daemon [_thread_blocked, id=688, stack(0x0000000017040000,0x0000000017140000)]
  0x000000000235e000 JavaThread "main" [_thread_blocked, id=760, stack(0x0000000002360000,0x0000000002460000)]

Other Threads:
  0x0000000015eb5800 VMThread [stack: 0x0000000016f40000,0x0000000017040000] [id=1016]
  0x0000000017850000 WatcherThread [stack: 0x0000000017d20000,0x0000000017e20000] [id=2896]

VM state:at safepoint (normal execution)

VM Mutex/Monitor currently owned by a thread:  ([mutex/lock_event])
[0x000000000235c750] Threads_lock - owner thread: 0x0000000015eb5800
[0x000000000235c7d0] Heap_lock - owner thread: 0x000000001a097800

heap address: 0x00000000a0000000, size: 1536 MB, Compressed Oops mode: 32-bit
Narrow klass base: 0x0000000000000000, Narrow klass shift: 3
Compressed class space size: 1073741824 Address: 0x0000000100000000

Heap:
 PSYoungGen      total 219136K, used 219085K [0x00000000e0000000, 0x00000000f1580000, 0x0000000100000000)
  eden space 190976K, 100% used [0x00000000e0000000,0x00000000eba80000,0x00000000eba80000)
  from space 28160K, 99% used [0x00000000ec200000,0x00000000edd73738,0x00000000edd80000)
  to   space 46592K, 12% used [0x00000000ee800000,0x00000000eed9c030,0x00000000f1580000)
 ParOldGen       total 93184K, used 71160K [0x00000000a0000000, 0x00000000a5b00000, 0x00000000e0000000)
  object space 93184K, 76% used [0x00000000a0000000,0x00000000a457e2e8,0x00000000a5b00000)
 Metaspace       used 82842K, capacity 87558K, committed 87768K, reserved 1126400K
  class space    used 10773K, capacity 11686K, committed 11776K, reserved 1048576K

Card table byte_map: [0x0000000011940000,0x0000000011c50000] byte_map_base: 0x0000000011440000

Marking Bits: (ParMarkBitMap*) 0x0000000055e79f30
 Begin Bits: [0x0000000012250000, 0x0000000013a50000)
 End Bits:   [0x0000000013a50000, 0x0000000015250000)

Polling page: 0x0000000000d00000

CodeCache: size=245760Kb used=42376Kb max_used=42376Kb free=203383Kb
 bounds [0x0000000002580000, 0x0000000004f20000, 0x0000000011580000]
 total_blobs=12738 nmethods=11897 adapters=753
 compilation: enabled

Compilation events (10 events):
Event: 5619.999 Thread 0x0000000015ef4800 14190       3       org.objectweb.asm.ClassVisitor::visitInnerClass (20 bytes)
Event: 5619.999 Thread 0x0000000015ef4800 nmethod 14190 0x0000000004ef0810 code [0x0000000004ef0980, 0x0000000004ef0be8]
Event: 5619.999 Thread 0x0000000015ef4800 14191       3       org.objectweb.asm.ClassWriter::visitInnerClass (120 bytes)
Event: 5620.000 Thread 0x0000000015ef4800 nmethod 14191 0x0000000004ef0cd0 code [0x0000000004ef0ec0, 0x0000000004ef1628]
Event: 5620.001 Thread 0x0000000015ef4800 14193       3       org.objectweb.asm.AnnotationWriter::visit (855 bytes)
Event: 5620.009 Thread 0x0000000015ef4800 nmethod 14193 0x0000000004ef1a50 code [0x0000000004ef2100, 0x0000000004ef6208]
Event: 5620.009 Thread 0x0000000015ef4800 14192       3       org.objectweb.asm.commons.AnnotationRemapper::visit (17 bytes)
Event: 5620.009 Thread 0x0000000015ef4800 nmethod 14192 0x0000000004ef7cd0 code [0x0000000004ef7e40, 0x0000000004ef8138]
Event: 5620.011 Thread 0x0000000015ef4800 14194       3       org.objectweb.asm.Item::isEqualTo (354 bytes)
Event: 5620.012 Thread 0x0000000015ef4800 nmethod 14194 0x0000000004ef8250 code [0x0000000004ef8480, 0x0000000004ef9148]

GC Heap History (10 events):
Event: 1965.385 GC heap before
{Heap before GC invocations=14 (full 3):
 PSYoungGen      total 253440K, used 233472K [0x00000000e0000000, 0x00000000f1400000, 0x0000000100000000)
  eden space 233472K, 100% used [0x00000000e0000000,0x00000000ee400000,0x00000000ee400000)
  from space 19968K, 0% used [0x00000000efa00000,0x00000000efa00000,0x00000000f0d80000)
  to   space 22528K, 0% used [0x00000000ee400000,0x00000000ee400000,0x00000000efa00000)
 ParOldGen       total 93184K, used 33277K [0x00000000a0000000, 0x00000000a5b00000, 0x00000000e0000000)
  object space 93184K, 35% used [0x00000000a0000000,0x00000000a207f708,0x00000000a5b00000)
 Metaspace       used 68950K, capacity 71648K, committed 71768K, reserved 1112064K
  class space    used 9006K, capacity 9557K, committed 9600K, reserved 1048576K
Event: 1965.788 GC heap after
Heap after GC invocations=14 (full 3):
 PSYoungGen      total 244224K, used 19501K [0x00000000e0000000, 0x00000000f0c00000, 0x0000000100000000)
  eden space 224256K, 0% used [0x00000000e0000000,0x00000000e0000000,0x00000000edb00000)
  from space 19968K, 97% used [0x00000000ee400000,0x00000000ef70b4e8,0x00000000ef780000)
  to   space 20992K, 0% used [0x00000000ef780000,0x00000000ef780000,0x00000000f0c00000)
 ParOldGen       total 93184K, used 33285K [0x00000000a0000000, 0x00000000a5b00000, 0x00000000e0000000)
  object space 93184K, 35% used [0x00000000a0000000,0x00000000a2081708,0x00000000a5b00000)
 Metaspace       used 68950K, capacity 71648K, committed 71768K, reserved 1112064K
  class space    used 9006K, capacity 9557K, committed 9600K, reserved 1048576K
}
Event: 1981.993 GC heap before
{Heap before GC invocations=15 (full 3):
 PSYoungGen      total 244224K, used 243757K [0x00000000e0000000, 0x00000000f0c00000, 0x0000000100000000)
  eden space 224256K, 100% used [0x00000000e0000000,0x00000000edb00000,0x00000000edb00000)
  from space 19968K, 97% used [0x00000000ee400000,0x00000000ef70b4e8,0x00000000ef780000)
  to   space 20992K, 0% used [0x00000000ef780000,0x00000000ef780000,0x00000000f0c00000)
 ParOldGen       total 93184K, used 33285K [0x00000000a0000000, 0x00000000a5b00000, 0x00000000e0000000)
  object space 93184K, 35% used [0x00000000a0000000,0x00000000a2081708,0x00000000a5b00000)
 Metaspace       used 73021K, capacity 76130K, committed 76248K, reserved 1116160K
  class space    used 9581K, capacity 10171K, committed 10240K, reserved 1048576K
Event: 1982.166 GC heap after
Heap after GC invocations=15 (full 3):
 PSYoungGen      total 236544K, used 20985K [0x00000000e0000000, 0x00000000f0c80000, 0x0000000100000000)
  eden space 215552K, 0% used [0x00000000e0000000,0x00000000e0000000,0x00000000ed280000)
  from space 20992K, 99% used [0x00000000ef780000,0x00000000f0bfe590,0x00000000f0c00000)
  to   space 29696K, 0% used [0x00000000ed280000,0x00000000ed280000,0x00000000eef80000)
 ParOldGen       total 93184K, used 38925K [0x00000000a0000000, 0x00000000a5b00000, 0x00000000e0000000)
  object space 93184K, 41% used [0x00000000a0000000,0x00000000a26035b8,0x00000000a5b00000)
 Metaspace       used 73021K, capacity 76130K, committed 76248K, reserved 1116160K
  class space    used 9581K, capacity 10171K, committed 10240K, reserved 1048576K
}
Event: 2001.053 GC heap before
{Heap before GC invocations=16 (full 3):
 PSYoungGen      total 236544K, used 236537K [0x00000000e0000000, 0x00000000f0c80000, 0x0000000100000000)
  eden space 215552K, 100% used [0x00000000e0000000,0x00000000ed280000,0x00000000ed280000)
  from space 20992K, 99% used [0x00000000ef780000,0x00000000f0bfe590,0x00000000f0c00000)
  to   space 29696K, 0% used [0x00000000ed280000,0x00000000ed280000,0x00000000eef80000)
 ParOldGen       total 93184K, used 38925K [0x00000000a0000000, 0x00000000a5b00000, 0x00000000e0000000)
  object space 93184K, 41% used [0x00000000a0000000,0x00000000a26035b8,0x00000000a5b00000)
 Metaspace       used 78486K, capacity 82396K, committed 82520K, reserved 1120256K
  class space    used 10324K, capacity 11043K, committed 11136K, reserved 1048576K
Event: 2001.184 GC heap after
Heap after GC invocations=16 (full 3):
 PSYoungGen      total 236544K, used 29672K [0x00000000e0000000, 0x00000000f1400000, 0x0000000100000000)
  eden space 206848K, 0% used [0x00000000e0000000,0x00000000e0000000,0x00000000eca00000)
  from space 29696K, 99% used [0x00000000ed280000,0x00000000eef7a190,0x00000000eef80000)
  to   space 37376K, 0% used [0x00000000eef80000,0x00000000eef80000,0x00000000f1400000)
 ParOldGen       total 93184K, used 48388K [0x00000000a0000000, 0x00000000a5b00000, 0x00000000e0000000)
  object space 93184K, 51% used [0x00000000a0000000,0x00000000a2f41248,0x00000000a5b00000)
 Metaspace       used 78486K, capacity 82396K, committed 82520K, reserved 1120256K
  class space    used 10324K, capacity 11043K, committed 11136K, reserved 1048576K
}
Event: 3064.849 GC heap before
{Heap before GC invocations=17 (full 3):
 PSYoungGen      total 236544K, used 236520K [0x00000000e0000000, 0x00000000f1400000, 0x0000000100000000)
  eden space 206848K, 100% used [0x00000000e0000000,0x00000000eca00000,0x00000000eca00000)
  from space 29696K, 99% used [0x00000000ed280000,0x00000000eef7a190,0x00000000eef80000)
  to   space 37376K, 0% used [0x00000000eef80000,0x00000000eef80000,0x00000000f1400000)
 ParOldGen       total 93184K, used 48388K [0x00000000a0000000, 0x00000000a5b00000, 0x00000000e0000000)
  object space 93184K, 51% used [0x00000000a0000000,0x00000000a2f41248,0x00000000a5b00000)
 Metaspace       used 80910K, capacity 85402K, committed 85464K, reserved 1124352K
  class space    used 10607K, capacity 11462K, committed 11520K, reserved 1048576K
Event: 3065.214 GC heap after
Heap after GC invocations=17 (full 3):
 PSYoungGen      total 236032K, used 37364K [0x00000000e0000000, 0x00000000f1a00000, 0x0000000100000000)
  eden space 198656K, 0% used [0x00000000e0000000,0x00000000e0000000,0x00000000ec200000)
  from space 37376K, 99% used [0x00000000eef80000,0x00000000f13fd2b0,0x00000000f1400000)
  to   space 45056K, 0% used [0x00000000ec200000,0x00000000ec200000,0x00000000eee00000)
 ParOldGen       total 93184K, used 52411K [0x00000000a0000000, 0x00000000a5b00000, 0x00000000e0000000)
  object space 93184K, 56% used [0x00000000a0000000,0x00000000a332eeb0,0x00000000a5b00000)
 Metaspace       used 80910K, capacity 85402K, committed 85464K, reserved 1124352K
  class space    used 10607K, capacity 11462K, committed 11520K, reserved 1048576K
}
Event: 5617.041 GC heap before
{Heap before GC invocations=18 (full 3):
 PSYoungGen      total 236032K, used 236020K [0x00000000e0000000, 0x00000000f1a00000, 0x0000000100000000)
  eden space 198656K, 100% used [0x00000000e0000000,0x00000000ec200000,0x00000000ec200000)
  from space 37376K, 99% used [0x00000000eef80000,0x00000000f13fd2b0,0x00000000f1400000)
  to   space 45056K, 0% used [0x00000000ec200000,0x00000000ec200000,0x00000000eee00000)
 ParOldGen       total 93184K, used 52411K [0x00000000a0000000, 0x00000000a5b00000, 0x00000000e0000000)
  object space 93184K, 56% used [0x00000000a0000000,0x00000000a332eeb0,0x00000000a5b00000)
 Metaspace       used 82575K, capacity 87360K, committed 87512K, reserved 1124352K
  class space    used 10771K, capacity 11685K, committed 11776K, reserved 1048576K
Event: 5617.467 GC heap after
Heap after GC invocations=18 (full 3):
 PSYoungGen      total 219136K, used 28109K [0x00000000e0000000, 0x00000000f1580000, 0x0000000100000000)
  eden space 190976K, 0% used [0x00000000e0000000,0x00000000e0000000,0x00000000eba80000)
  from space 28160K, 99% used [0x00000000ec200000,0x00000000edd73738,0x00000000edd80000)
  to   space 46592K, 0% used [0x00000000ee800000,0x00000000ee800000,0x00000000f1580000)
 ParOldGen       total 93184K, used 71160K [0x00000000a0000000, 0x00000000a5b00000, 0x00000000e0000000)
  object space 93184K, 76% used [0x00000000a0000000,0x00000000a457e2e8,0x00000000a5b00000)
 Metaspace       used 82575K, capacity 87360K, committed 87512K, reserved 1124352K
  class space    used 10771K, capacity 11685K, committed 11776K, reserved 1048576K
}

Deoptimization events (10 events):
Event: 5616.950 Thread 0x000000001a092000 Uncommon trap: reason=unstable_if action=reinterpret pc=0x00000000034c5978 method=org.gradle.api.internal.changedetection.state.GlobalScopeFileTimeStampInspector.timestampCanBeUsedToDetectFileChange(Ljava/lang/String;J)Z @ 37
Event: 5616.951 Thread 0x000000001a097800 Uncommon trap: reason=range_check action=make_not_entrant pc=0x0000000004d99698 method=org.objectweb.asm.Type.getType([CI)Lorg/objectweb/asm/Type; @ 162
Event: 5617.663 Thread 0x000000001d33a000 Uncommon trap: reason=unstable_if action=reinterpret pc=0x0000000004d84cbc method=org.objectweb.asm.ClassReader.readUTF(II[C)Ljava/lang/String; @ 77
Event: 5617.688 Thread 0x000000001d33a000 Uncommon trap: reason=unstable_if action=reinterpret pc=0x0000000004d9250c method=org.objectweb.asm.ByteVector.putUTF8(Ljava/lang/String;)Lorg/objectweb/asm/ByteVector; @ 91
Event: 5617.800 Thread 0x000000001a097800 Uncommon trap: reason=unstable_if action=reinterpret pc=0x0000000004da24c8 method=org.objectweb.asm.Type.getType([CI)Lorg/objectweb/asm/Type; @ 165
Event: 5617.816 Thread 0x000000001d33a000 Uncommon trap: reason=unstable_if action=reinterpret pc=0x0000000004583700 method=sun.nio.fs.WindowsPath.getFileName()Ljava/nio/file/Path; @ 45
Event: 5618.036 Thread 0x000000001a092000 Uncommon trap: reason=unstable_if action=reinterpret pc=0x0000000004dc72d8 method=org.objectweb.asm.ClassReader.readUTF8(I[C)Ljava/lang/String; @ 11
Event: 5618.167 Thread 0x000000001a092000 Uncommon trap: reason=unstable_if action=reinterpret pc=0x0000000004e42b74 method=org.objectweb.asm.Item.isEqualTo(Lorg/objectweb/asm/Item;)Z @ 251
Event: 5619.491 Thread 0x000000001a092000 Uncommon trap: reason=unstable_if action=reinterpret pc=0x0000000004ed8d98 method=org.objectweb.asm.signature.SignatureReader.parseType(Ljava/lang/String;ILorg/objectweb/asm/signature/SignatureVisitor;)I @ 263
Event: 5620.011 Thread 0x000000001a095000 Uncommon trap: reason=unstable_if action=reinterpret pc=0x0000000004e9b3e0 method=org.objectweb.asm.Item.isEqualTo(Lorg/objectweb/asm/Item;)Z @ 186

Classes redefined (0 events):
No events

Internal exceptions (10 events):
Event: 3076.247 Thread 0x000000001d337000 Exception <a 'sun/nio/fs/WindowsException'> (0x00000000e2d249f8) thrown at [D:\src\AOSP-openjdk-cygwin\jdk8u\hotspot\src\share\vm\prims\jni.cpp, line 710]
Event: 3078.530 Thread 0x000000001d337000 Exception <a 'sun/nio/fs/WindowsException'> (0x00000000e58c4fe8) thrown at [D:\src\AOSP-openjdk-cygwin\jdk8u\hotspot\src\share\vm\prims\jni.cpp, line 710]
Event: 5602.296 Thread 0x000000001d33a000 Exception <a 'java/lang/NoSuchMethodError': <clinit>> (0x00000000e70d14f0) thrown at [D:\src\AOSP-openjdk-cygwin\jdk8u\hotspot\src\share\vm\prims\jni.cpp, line 1614]
Event: 5602.508 Thread 0x000000001d33a000 Exception <a 'java/lang/NoSuchMethodError': <clinit>> (0x00000000e711e970) thrown at [D:\src\AOSP-openjdk-cygwin\jdk8u\hotspot\src\share\vm\prims\jni.cpp, line 1614]
Event: 5602.648 Thread 0x000000001d33a000 Exception <a 'java/lang/NoSuchMethodError': <clinit>> (0x00000000e7239170) thrown at [D:\src\AOSP-openjdk-cygwin\jdk8u\hotspot\src\share\vm\prims\jni.cpp, line 1614]
Event: 5602.649 Thread 0x000000001d33a000 Exception <a 'java/lang/NoSuchMethodError': <clinit>> (0x00000000e723cfd0) thrown at [D:\src\AOSP-openjdk-cygwin\jdk8u\hotspot\src\share\vm\prims\jni.cpp, line 1614]
Event: 5602.649 Thread 0x000000001d33a000 Exception <a 'java/lang/NoSuchMethodError': <clinit>> (0x00000000e723ea58) thrown at [D:\src\AOSP-openjdk-cygwin\jdk8u\hotspot\src\share\vm\prims\jni.cpp, line 1614]
Event: 5602.649 Thread 0x000000001d33a000 Exception <a 'java/lang/NoSuchMethodError': <clinit>> (0x00000000e72401a8) thrown at [D:\src\AOSP-openjdk-cygwin\jdk8u\hotspot\src\share\vm\prims\jni.cpp, line 1614]
Event: 5602.649 Thread 0x000000001d33a000 Exception <a 'java/lang/NoSuchMethodError': <clinit>> (0x00000000e72417a8) thrown at [D:\src\AOSP-openjdk-cygwin\jdk8u\hotspot\src\share\vm\prims\jni.cpp, line 1614]
Event: 5604.960 Thread 0x000000001d33a000 Exception <a 'sun/nio/fs/WindowsException'> (0x00000000e7d437e0) thrown at [D:\src\AOSP-openjdk-cygwin\jdk8u\hotspot\src\share\vm\prims\jni.cpp, line 710]

Events (10 events):
Event: 5618.036 Thread 0x000000001a092000 DEOPT UNPACKING pc=0x00000000025c75d0 sp=0x00000000241cb628 mode 0
Event: 5618.167 Thread 0x000000001a092000 Uncommon trap: trap_request=0xffffff65 fr.pc=0x0000000004e42b74
Event: 5618.167 Thread 0x000000001a092000 DEOPT PACKING pc=0x0000000004e42b74 sp=0x00000000241cb930
Event: 5618.167 Thread 0x000000001a092000 DEOPT UNPACKING pc=0x00000000025c557b sp=0x00000000241cb8c8 mode 2
Event: 5619.491 Thread 0x000000001a092000 Uncommon trap: trap_request=0xffffff65 fr.pc=0x0000000004ed8d98
Event: 5619.491 Thread 0x000000001a092000 DEOPT PACKING pc=0x0000000004ed8d98 sp=0x00000000241cbd70
Event: 5619.491 Thread 0x000000001a092000 DEOPT UNPACKING pc=0x00000000025c557b sp=0x00000000241cbd78 mode 2
Event: 5620.011 Thread 0x000000001a095000 Uncommon trap: trap_request=0xffffff65 fr.pc=0x0000000004e9b3e0
Event: 5620.011 Thread 0x000000001a095000 DEOPT PACKING pc=0x0000000004e9b3e0 sp=0x00000000242cbd60
Event: 5620.011 Thread 0x000000001a095000 DEOPT UNPACKING pc=0x00000000025c557b sp=0x00000000242cbcf0 mode 2


Dynamic libraries:
0x00007ff7e09f0000 - 0x00007ff7e0a21000 	C:\Program Files\Android\Android Studio\jre\bin\java.exe
0x00007ff85eee0000 - 0x00007ff85f0a2000 	C:\Windows\SYSTEM32\ntdll.dll
0x00007ff85c5b0000 - 0x00007ff85c65d000 	C:\Windows\system32\KERNEL32.DLL
0x00007ff85c2c0000 - 0x00007ff85c49d000 	C:\Windows\system32\KERNELBASE.dll
0x00007ff85c830000 - 0x00007ff85c8d6000 	C:\Windows\system32\ADVAPI32.dll
0x00007ff85ce00000 - 0x00007ff85ce9d000 	C:\Windows\system32\msvcrt.dll
0x00007ff85ea80000 - 0x00007ff85eadb000 	C:\Windows\system32\sechost.dll
0x00007ff85e770000 - 0x00007ff85e896000 	C:\Windows\system32\RPCRT4.dll
0x00007ff85c6d0000 - 0x00007ff85c81e000 	C:\Windows\system32\USER32.dll
0x00007ff85cea0000 - 0x00007ff85d025000 	C:\Windows\system32\GDI32.dll
0x00007ff84d010000 - 0x00007ff84d284000 	C:\Windows\WinSxS\amd64_microsoft.windows.common-controls_6595b64144ccf1df_6.0.10240.16384_none_f41f7b285750ef43\COMCTL32.dll
0x00007ff85cdc0000 - 0x00007ff85cdf6000 	C:\Windows\system32\IMM32.DLL
0x00007ff85e900000 - 0x00007ff85ea5c000 	C:\Windows\system32\MSCTF.dll
0x00000000554f0000 - 0x00000000555c2000 	C:\Program Files\Android\Android Studio\jre\jre\bin\msvcr100.dll
0x00000000556b0000 - 0x0000000055ef6000 	C:\Program Files\Android\Android Studio\jre\jre\bin\server\jvm.dll
0x00007ff85ea60000 - 0x00007ff85ea68000 	C:\Windows\system32\PSAPI.DLL
0x00007ff84e8b0000 - 0x00007ff84e8b9000 	C:\Windows\SYSTEM32\WSOCK32.dll
0x00007ff853a20000 - 0x00007ff853a43000 	C:\Windows\SYSTEM32\WINMM.dll
0x00007ff851e30000 - 0x00007ff851e3a000 	C:\Windows\SYSTEM32\VERSION.dll
0x00007ff85ccf0000 - 0x00007ff85cd59000 	C:\Windows\system32\WS2_32.dll
0x00007ff85ea70000 - 0x00007ff85ea78000 	C:\Windows\system32\NSI.dll
0x00007ff8539f0000 - 0x00007ff853a1c000 	C:\Windows\SYSTEM32\WINMMBASE.dll
0x00007ff85bfe0000 - 0x00007ff85c024000 	C:\Windows\system32\cfgmgr32.dll
0x00007ff85a280000 - 0x00007ff85a2a7000 	C:\Windows\SYSTEM32\DEVOBJ.dll
0x00007ff84d930000 - 0x00007ff84d93f000 	C:\Program Files\Android\Android Studio\jre\jre\bin\verify.dll
0x00007ff831d50000 - 0x00007ff831d79000 	C:\Program Files\Android\Android Studio\jre\jre\bin\java.dll
0x00007ff843c30000 - 0x00007ff843c46000 	C:\Program Files\Android\Android Studio\jre\jre\bin\zip.dll
0x00007ff85d240000 - 0x00007ff85e765000 	C:\Windows\system32\SHELL32.dll
0x00007ff85b9b0000 - 0x00007ff85bfd8000 	C:\Windows\system32\windows.storage.dll
0x00007ff85c9b0000 - 0x00007ff85cc2c000 	C:\Windows\system32\combase.dll
0x00007ff85cd60000 - 0x00007ff85cdb1000 	C:\Windows\system32\shlwapi.dll
0x00007ff85b980000 - 0x00007ff85b98f000 	C:\Windows\system32\kernel.appcore.dll
0x00007ff85c200000 - 0x00007ff85c2b3000 	C:\Windows\system32\shcore.dll
0x00007ff85b930000 - 0x00007ff85b97a000 	C:\Windows\system32\powrprof.dll
0x00007ff85b910000 - 0x00007ff85b923000 	C:\Windows\system32\profapi.dll
0x00007ff831b80000 - 0x00007ff831b9a000 	C:\Program Files\Android\Android Studio\jre\jre\bin\net.dll
0x00007ff85b180000 - 0x00007ff85b1dd000 	C:\Windows\system32\mswsock.dll
0x00007ff831d30000 - 0x00007ff831d41000 	C:\Program Files\Android\Android Studio\jre\jre\bin\nio.dll
0x00007ff858a10000 - 0x00007ff858a36000 	C:\Users\Billionaire\.gradle\native\29\windows-amd64\native-platform.dll
0x00007ff84a4e0000 - 0x00007ff84a4ed000 	C:\Program Files\Android\Android Studio\jre\jre\bin\management.dll
0x00007ff85b1e0000 - 0x00007ff85b1f7000 	C:\Windows\SYSTEM32\CRYPTSP.dll
0x00007ff85b450000 - 0x00007ff85b478000 	C:\Windows\SYSTEM32\bcrypt.dll
0x00007ff85ae30000 - 0x00007ff85ae63000 	C:\Windows\system32\rsaenh.dll
0x00007ff85afd0000 - 0x00007ff85afef000 	C:\Windows\SYSTEM32\USERENV.dll
0x00007ff85b760000 - 0x00007ff85b7cb000 	C:\Windows\system32\bcryptprimitives.dll
0x00007ff85b330000 - 0x00007ff85b33b000 	C:\Windows\SYSTEM32\CRYPTBASE.dll
0x00007ff8533c0000 - 0x00007ff8533f8000 	C:\Windows\SYSTEM32\IPHLPAPI.DLL
0x00007ff858200000 - 0x00007ff85820b000 	C:\Windows\SYSTEM32\WINNSI.DLL
0x00007ff852b90000 - 0x00007ff852ba6000 	C:\Windows\SYSTEM32\dhcpcsvc6.DLL
0x00007ff853060000 - 0x00007ff85307a000 	C:\Windows\SYSTEM32\dhcpcsvc.DLL
0x00007ff831200000 - 0x00007ff83138a000 	C:\Windows\SYSTEM32\dbghelp.dll

VM Arguments:
jvm_args: -Xmx1536m -Dfile.encoding=windows-1252 -Duser.country=US -Duser.language=en -Duser.variant 
java_command: org.gradle.launcher.daemon.bootstrap.GradleDaemon 5.4.1
java_class_path (initial): C:\Users\Billionaire\.gradle\wrapper\dists\gradle-5.4.1-all\3221gyojl5jsh0helicew7rwx\gradle-5.4.1\lib\gradle-launcher-5.4.1.jar
Launcher Type: SUN_STANDARD

Environment Variables:
PATH=C:\Windows\system32;C:\Windows;C:\Windows\System32\Wbem;C:\Windows\System32\WindowsPowerShell\v1.0\;C:\Program Files\Git\cmd
USERNAME=Billionaire
OS=Windows_NT
PROCESSOR_IDENTIFIER=Intel64 Family 6 Model 78 Stepping 3, GenuineIntel



---------------  S Y S T E M  ---------------

OS: Windows 10.0 , 64 bit Build 10240 (10.0.10240.16384)

CPU:total 4 (initial active 4) (2 cores per cpu, 2 threads per core) family 6 model 78 stepping 3, cmov, cx8, fxsr, mmx, sse, sse2, sse3, ssse3, sse4.1, sse4.2, popcnt, avx, avx2, aes, clmul, erms, 3dnowpref, lzcnt, ht, tsc, tscinvbit, bmi1, bmi2, adx

Memory: 4k page, physical 4083536k(249540k free), swap 9003396k(1560600k free)

vm_info: OpenJDK 64-Bit Server VM (25.202-b03) for windows-amd64 JRE (1.8.0_202-release-1483-b03), built by "builder" with MS VC++ 10.0 (VS2010)

time: Sun Jan 12 02:47:46 2020
timezone: Pacific Standard Time
elapsed time: 5620 seconds (0d 1h 33m 40s)

